================================================================================
DETAILLIERTES LOG FÜR TASK: test_task_1757867983
ERSTELLT AM: 2025-09-14 18:39:43
================================================================================

[2025-09-14 18:39:43.191] [INFO] Test gestartet
    Details:
      test_type: functionality_test
      timestamp: 1757867983.191623

[2025-09-14 18:39:43.191] [INFO] SCHRITT 1/5: Initialisierung
    Details:
      services: ['test_service_1', 'test_service_2']...
      config: {'max_items': 10, 'timeout': 30}...

[2025-09-14 18:39:43.191] [PROGRESS] FORTSCHRITT: Verarbeite Test-Daten (1/3 - 33.3%)
    Details:
      current_item: item_1
      processing_time: 0.5

[2025-09-14 18:39:43.296] [PROGRESS] FORTSCHRITT: Verarbeite Test-Daten (2/3 - 66.7%)
    Details:
      current_item: item_2
      processing_time: 0.5

[2025-09-14 18:39:43.402] [PROGRESS] FORTSCHRITT: Verarbeite Test-Daten (3/3 - 100.0%)
    Details:
      current_item: item_3
      processing_time: 0.5

[2025-09-14 18:39:43.504] [DATA] ROHDATEN (test_video_data)
    Details:
      data_type: test_video_data
      data_size: 258
      data_content: {'video_url': 'https://example.com/test-video', 'extracted_text': 'Das ist ein Test-Text für das Log...

[2025-09-14 18:39:43.504] [ERROR] FEHLER in Test Error Handler
    Details:
      error_type: ValueError
      error_message: Das ist ein Test-Fehler für das Logging-System
      context: Test Error Handler
      full_traceback: Traceback (most recent call last):
  File "/Users/jasperslowik/Cursor/apify/test_logging.py", line 4...
      error_context: simulated_error
      test_phase: error_testing

[2025-09-14 18:39:43.505] [SUCCESS] Test erfolgreich abgeschlossen
    Details:
      total_tests: 6
      all_passed: True
      execution_time: 1757867983.5050151


================================================================================
TASK ABGESCHLOSSEN: SUCCESS
BEENDET AM: 2025-09-14 18:39:43
ZUSAMMENFASSUNG:
  test_type: functionality_test
  tests_executed: 6
  all_tests_passed: True
  log_file_created: True
================================================================================
